<?xml version="1.0" encoding="UTF-8"?>
<!-- Generated by org.testng.reporters.JUnitReportReporter -->
<testsuite skipped="0" hostname="Balaji" name="com.abc.BaseTest.BaseTest" tests="1" failures="0" timestamp="15 Jun 2018 03:30:04 GMT" time="30.777" errors="0">
  <testcase name="testMagento" time="30.777" classname="com.abc.BaseTest.BaseTest"/>
</testsuite> <!-- com.abc.BaseTest.BaseTest -->
